../data/exam1.txt
../data/exam2.txt
../data/exam3.txt
../data/exam5.txt
../data/exam4.txt
../data/exam1.txt
../data/exam2.txt
../data/exam3.txt
../data/exam5.txt
../data/exam4.txt
../data/movielens-10m_rating/movielens.txt
../data/munmun_twitterex_ut/mummun.txt
../data/stackexchange-stackoverflow/stackoverflow.txt
../data/actor2/actor2.txt
../data/dblp-author/dblp.txt
../data/github/github.txt
../data/dbpedia-recordlabel/dbpedia.txt
../data/edit-enwiki/editenwiki.txt
../data/komarix-citeseer/citeseer.txt
../data/komarix-imdb/imdb.txt
../data/youtube-groupmemberships/youtube.txt
../data/edit-idwiki/editidwiki.txt
../data/bookcrossing_rating/bookcrossing.txt
../data/exam1.txt
(0, '')
../data/exam2.txt
(0, '')
../data/exam3.txt
(0, '')
../data/exam5.txt
(0, '')
../data/exam4.txt
(34304, 'munmap_chunk(): invalid pointer\nAborted (core dumped)')
../data/amazon-ratings/ama.txt
(35584, 'Segmentation fault (core dumped)')
../data/movielens-10m_rating/movielens.txt
(35584, 'Segmentation fault (core dumped)')
../data/munmun_twitterex_ut/mummun.txt
(35584, 'Segmentation fault (core dumped)')
../data/stackexchange-stackoverflow/stackoverflow.txt
(0, '')
../data/actor2/actor2.txt
(0, '')
../data/dblp-author/dblp.txt
(0, '')
../data/github/github.txt
(0, '')
../data/dbpedia-recordlabel/dbpedia.txt
(0, '')
../data/edit-enwiki/editenwiki.txt
(35584, 'Segmentation fault (core dumped)')
../data/komarix-citeseer/citeseer.txt
(0, '')
../data/komarix-imdb/imdb.txt
(0, '')
../data/youtube-groupmemberships/youtube.txt
(0, '')
../data/edit-idwiki/editidwiki.txt
(35584, 'Segmentation fault (core dumped)')
../data/bookcrossing_rating/bookcrossing.txt
(0, '')
Traceback (most recent call last):
  File "experiments1.py", line 2, in <module>
    import commands 
ModuleNotFoundError: No module named 'commands'
../data/amazon-ratings/ama.txt
(36608, 'Terminated')
../data/movielens-10m_rating/movielens.txt
(35584, 'Segmentation fault (core dumped)')
../data/munmun_twitterex_ut/mummun.txt
(36608, 'Terminated')
../data/stackexchange-stackoverflow/stackoverflow.txt
(36608, 'Terminated')
../data/actor2/actor2.txt
(0, '')
../data/dblp-author/dblp.txt
(0, '')
../data/github/github.txt
(36608, 'Terminated')
../data/dbpedia-recordlabel/dbpedia.txt
(0, '')
../data/edit-enwiki/editenwiki.txt
(36608, 'Terminated')
../data/komarix-citeseer/citeseer.txt
(0, '')
../data/komarix-imdb/imdb.txt
(0, '')
../data/youtube-groupmemberships/youtube.txt
(36608, 'Terminated')
../data/edit-idwiki/editidwiki.txt
(36608, 'Terminated')
../data/bookcrossing_rating/bookcrossing.txt
(0, '')
../data/amazon-ratings/ama.txt
(0, '')
../data/movielens-10m_rating/movielens.txt
(36608, 'Terminated')
../data/munmun_twitterex_ut/mummun.txt
(36608, 'Terminated')
../data/stackexchange-stackoverflow/stackoverflow.txt
(36608, 'Terminated')
../data/actor2/actor2.txt
(36608, 'Terminated')
../data/dblp-author/dblp.txt
(0, '')
../data/github/github.txt
(36608, 'Terminated')
../data/dbpedia-recordlabel/dbpedia.txt
(0, '')
../data/edit-enwiki/editenwiki.txt
(36608, 'Terminated')
../data/komarix-citeseer/citeseer.txt
(0, '')
../data/komarix-imdb/imdb.txt
(36608, 'Terminated')
../data/youtube-groupmemberships/youtube.txt
(36608, 'Terminated')
../data/edit-idwiki/editidwiki.txt
(34304, 'malloc(): corrupted top size\nAborted (core dumped)')
../data/bookcrossing_rating/bookcrossing.txt
(0, '')
../data/amazon-ratings/ama.txt
(0, '')
../data/movielens-10m_rating/movielens.txt
(35584, 'Segmentation fault (core dumped)')
../data/munmun_twitterex_ut/mummun.txt
(15, '')
../data/stackexchange-stackoverflow/stackoverflow.txt
(0, '')
../data/actor2/actor2.txt
(0, '')
../data/dblp-author/dblp.txt
(0, '')
../data/github/github.txt
(0, '')
../data/dbpedia-recordlabel/dbpedia.txt
(0, '')
../data/edit-enwiki/editenwiki.txt
(35584, 'Segmentation fault (core dumped)')
../data/komarix-citeseer/citeseer.txt
(0, '')
../data/komarix-imdb/imdb.txt
(0, '')
../data/youtube-groupmemberships/youtube.txt
(0, '')
../data/edit-idwiki/editidwiki.txt
(35584, 'Segmentation fault (core dumped)')
../data/bookcrossing_rating/bookcrossing.txt
(0, '')
